<?xml version="1.0" encoding="UTF-8"?>
<!-- Generated by org.testng.reporters.JUnitReportReporter -->
<testsuite hostname="DESKTOP-PEVVTSQ" name="TestCases.RegistrationTest" tests="1" failures="0" timestamp="1 Jul 2021 14:35:02 GMT" time="62.139" errors="0">
  <testcase name="RegistrationTestcase" time="62.139" classname="TestCases.RegistrationTest"/>
</testsuite> <!-- TestCases.RegistrationTest -->
